<?xml version="1.0" encoding="UTF-8"?>
<!-- Generated by org.testng.reporters.JUnitReportReporter -->
<testsuite hostname="MFHO-100004507" name="com.testCases.TC_LoginTest_001" tests="1" failures="0" timestamp="18 Dec 2023 11:52:42 GMT" time="55.573" errors="0">
  <testcase name="loginTest" time="55.573" classname="com.testCases.TC_LoginTest_001"/>
</testsuite> <!-- com.testCases.TC_LoginTest_001 -->
